# JRE version: OpenJDK Runtime Environment Temurin-17.0.2+8 (17.0.2+8) (build 17.0.2+8)
# Java VM: OpenJDK 64-Bit Server VM Temurin-17.0.2+8 (17.0.2+8, mixed mode, tiered, compressed oops, compressed class ptrs, parallel gc, windows-amd64)
GC Precious Log:
 CPUs: 4 total, 4 available
 Memory: 8026M
 Large Page Support: Disabled
 NUMA Support: Disabled
 Compressed Oops: Enabled (32-bit)
 Alignments: Space 512K, Generation 512K, Heap 2M
 Heap Min Capacity: 100M
 Heap Initial Capacity: 100M
 Heap Max Capacity: 1G
 Pre-touch: Disabled
 Parallel Workers: 4
Heap:
 PSYoungGen      total 33792K, used 20342K [0x00000000eab00000, 0x00000000ed780000, 0x0000000100000000)
  eden space 22016K, 41% used [0x00000000eab00000,0x00000000eb3ee3b8,0x00000000ec080000)
  from space 11776K, 95% used [0x00000000ecc00000,0x00000000ed6ef810,0x00000000ed780000)
  to   space 11776K, 0% used [0x00000000ec080000,0x00000000ec080000,0x00000000ecc00000)
 ParOldGen       total 185344K, used 138671K [0x00000000c0000000, 0x00000000cb500000, 0x00000000eab00000)
  object space 185344K, 74% used [0x00000000c0000000,0x00000000c876bd40,0x00000000cb500000)
 Metaspace       used 74974K, committed 76032K, reserved 1122304K
  class space    used 7525K, committed 8064K, reserved 1048576K
GC Heap History (20 events):
Event: 54421.857 GC heap before
{Heap before GC invocations=550 (full 22):
 PSYoungGen      total 29184K, used 29152K [0x00000000eab00000, 0x00000000ed780000, 0x0000000100000000)
  eden space 25088K, 100% used [0x00000000eab00000,0x00000000ec380000,0x00000000ec380000)
  from space 4096K, 99% used [0x00000000ed380000,0x00000000ed778000,0x00000000ed780000)
  to   space 7680K, 0% used [0x00000000ec880000,0x00000000ec880000,0x00000000ed000000)
 ParOldGen       total 185344K, used 121675K [0x00000000c0000000, 0x00000000cb500000, 0x00000000eab00000)
  object space 185344K, 65% used [0x00000000c0000000,0x00000000c76d2df8,0x00000000cb500000)
 Metaspace       used 74080K, committed 75072K, reserved 1122304K
  class space    used 7468K, committed 7936K, reserved 1048576K
}
Event: 54421.872 GC heap after
{Heap after GC invocations=550 (full 22):
 PSYoungGen      total 32768K, used 7657K [0x00000000eab00000, 0x00000000ee780000, 0x0000000100000000)
  eden space 25088K, 0% used [0x00000000eab00000,0x00000000eab00000,0x00000000ec380000)
  from space 7680K, 99% used [0x00000000ec880000,0x00000000ecffa420,0x00000000ed000000)
  to   space 18432K, 0% used [0x00000000ed580000,0x00000000ed580000,0x00000000ee780000)
 ParOldGen       total 185344K, used 129979K [0x00000000c0000000, 0x00000000cb500000, 0x00000000eab00000)
  object space 185344K, 70% used [0x00000000c0000000,0x00000000c7eeedf8,0x00000000cb500000)
 Metaspace       used 74080K, committed 75072K, reserved 1122304K
  class space    used 7468K, committed 7936K, reserved 1048576K
}
Event: 54422.020 GC heap before
{Heap before GC invocations=551 (full 22):
 PSYoungGen      total 32768K, used 32745K [0x00000000eab00000, 0x00000000ee780000, 0x0000000100000000)
  eden space 25088K, 100% used [0x00000000eab00000,0x00000000ec380000,0x00000000ec380000)
  from space 7680K, 99% used [0x00000000ec880000,0x00000000ecffa420,0x00000000ed000000)
  to   space 18432K, 0% used [0x00000000ed580000,0x00000000ed580000,0x00000000ee780000)
 ParOldGen       total 185344K, used 129979K [0x00000000c0000000, 0x00000000cb500000, 0x00000000eab00000)
  object space 185344K, 70% used [0x00000000c0000000,0x00000000c7eeedf8,0x00000000cb500000)
 Metaspace       used 74204K, committed 75200K, reserved 1122304K
  class space    used 7468K, committed 7936K, reserved 1048576K
}
Event: 54422.026 GC heap after
{Heap after GC invocations=551 (full 22):
 PSYoungGen      total 33792K, used 8307K [0x00000000eab00000, 0x00000000ede00000, 0x0000000100000000)
  eden space 25088K, 0% used [0x00000000eab00000,0x00000000eab00000,0x00000000ec380000)
  from space 8704K, 95% used [0x00000000ed580000,0x00000000edd9cd10,0x00000000ede00000)
  to   space 11264K, 0% used [0x00000000ec800000,0x00000000ec800000,0x00000000ed300000)
 ParOldGen       total 185344K, used 129979K [0x00000000c0000000, 0x00000000cb500000, 0x00000000eab00000)
  object space 185344K, 70% used [0x00000000c0000000,0x00000000c7eeedf8,0x00000000cb500000)
 Metaspace       used 74204K, committed 75200K, reserved 1122304K
  class space    used 7468K, committed 7936K, reserved 1048576K
}
Event: 54428.550 GC heap before
{Heap before GC invocations=552 (full 22):
 PSYoungGen      total 33792K, used 33395K [0x00000000eab00000, 0x00000000ede00000, 0x0000000100000000)
  eden space 25088K, 100% used [0x00000000eab00000,0x00000000ec380000,0x00000000ec380000)
  from space 8704K, 95% used [0x00000000ed580000,0x00000000edd9cd10,0x00000000ede00000)
  to   space 11264K, 0% used [0x00000000ec800000,0x00000000ec800000,0x00000000ed300000)
 ParOldGen       total 185344K, used 129979K [0x00000000c0000000, 0x00000000cb500000, 0x00000000eab00000)
  object space 185344K, 70% used [0x00000000c0000000,0x00000000c7eeedf8,0x00000000cb500000)
 Metaspace       used 74301K, committed 75264K, reserved 1122304K
  class space    used 7477K, committed 7936K, reserved 1048576K
}
Event: 54428.558 GC heap after
{Heap after GC invocations=552 (full 22):
 PSYoungGen      total 34304K, used 8990K [0x00000000eab00000, 0x00000000ed600000, 0x0000000100000000)
  eden space 25088K, 0% used [0x00000000eab00000,0x00000000eab00000,0x00000000ec380000)
  from space 9216K, 97% used [0x00000000ec800000,0x00000000ed0c7b10,0x00000000ed100000)
  to   space 5120K, 0% used [0x00000000ed100000,0x00000000ed100000,0x00000000ed600000)
 ParOldGen       total 185344K, used 129979K [0x00000000c0000000, 0x00000000cb500000, 0x00000000eab00000)
  object space 185344K, 70% used [0x00000000c0000000,0x00000000c7eeedf8,0x00000000cb500000)
 Metaspace       used 74301K, committed 75264K, reserved 1122304K
  class space    used 7477K, committed 7936K, reserved 1048576K
}
Event: 54428.829 GC heap before
{Heap before GC invocations=553 (full 22):
 PSYoungGen      total 34304K, used 34078K [0x00000000eab00000, 0x00000000ed600000, 0x0000000100000000)
  eden space 25088K, 100% used [0x00000000eab00000,0x00000000ec380000,0x00000000ec380000)
  from space 9216K, 97% used [0x00000000ec800000,0x00000000ed0c7b10,0x00000000ed100000)
  to   space 5120K, 0% used [0x00000000ed100000,0x00000000ed100000,0x00000000ed600000)
 ParOldGen       total 185344K, used 129979K [0x00000000c0000000, 0x00000000cb500000, 0x00000000eab00000)
  object space 185344K, 70% used [0x00000000c0000000,0x00000000c7eeedf8,0x00000000cb500000)
 Metaspace       used 74339K, committed 75392K, reserved 1122304K
  class space    used 7478K, committed 7936K, reserved 1048576K
}
Event: 54428.835 GC heap after
{Heap after GC invocations=553 (full 22):
 PSYoungGen      total 30208K, used 5116K [0x00000000eab00000, 0x00000000ed600000, 0x0000000100000000)
  eden space 25088K, 0% used [0x00000000eab00000,0x00000000eab00000,0x00000000ec380000)
  from space 5120K, 99% used [0x00000000ed100000,0x00000000ed5ff388,0x00000000ed600000)
  to   space 8704K, 0% used [0x00000000ec500000,0x00000000ec500000,0x00000000ecd80000)
 ParOldGen       total 185344K, used 132904K [0x00000000c0000000, 0x00000000cb500000, 0x00000000eab00000)
  object space 185344K, 71% used [0x00000000c0000000,0x00000000c81ca018,0x00000000cb500000)
 Metaspace       used 74339K, committed 75392K, reserved 1122304K
  class space    used 7478K, committed 7936K, reserved 1048576K
}
Event: 54429.025 GC heap before
{Heap before GC invocations=554 (full 22):
 PSYoungGen      total 30208K, used 30204K [0x00000000eab00000, 0x00000000ed600000, 0x0000000100000000)
  eden space 25088K, 100% used [0x00000000eab00000,0x00000000ec380000,0x00000000ec380000)
  from space 5120K, 99% used [0x00000000ed100000,0x00000000ed5ff388,0x00000000ed600000)
  to   space 8704K, 0% used [0x00000000ec500000,0x00000000ec500000,0x00000000ecd80000)
 ParOldGen       total 185344K, used 132904K [0x00000000c0000000, 0x00000000cb500000, 0x00000000eab00000)
  object space 185344K, 71% used [0x00000000c0000000,0x00000000c81ca018,0x00000000cb500000)
 Metaspace       used 74362K, committed 75392K, reserved 1122304K
  class space    used 7478K, committed 7936K, reserved 1048576K
}
Event: 54429.030 GC heap after
{Heap after GC invocations=554 (full 22):
 PSYoungGen      total 31744K, used 6571K [0x00000000eab00000, 0x00000000ed280000, 0x0000000100000000)
  eden space 25088K, 0% used [0x00000000eab00000,0x00000000eab00000,0x00000000ec380000)
  from space 6656K, 98% used [0x00000000ec500000,0x00000000ecb6ae88,0x00000000ecb80000)
  to   space 7168K, 0% used [0x00000000ecb80000,0x00000000ecb80000,0x00000000ed280000)
 ParOldGen       total 185344K, used 132904K [0x00000000c0000000, 0x00000000cb500000, 0x00000000eab00000)
  object space 185344K, 71% used [0x00000000c0000000,0x00000000c81ca018,0x00000000cb500000)
 Metaspace       used 74362K, committed 75392K, reserved 1122304K
  class space    used 7478K, committed 7936K, reserved 1048576K
}
Event: 54429.297 GC heap before
{Heap before GC invocations=555 (full 22):
 PSYoungGen      total 31744K, used 31659K [0x00000000eab00000, 0x00000000ed280000, 0x0000000100000000)
  eden space 25088K, 100% used [0x00000000eab00000,0x00000000ec380000,0x00000000ec380000)
  from space 6656K, 98% used [0x00000000ec500000,0x00000000ecb6ae88,0x00000000ecb80000)
  to   space 7168K, 0% used [0x00000000ecb80000,0x00000000ecb80000,0x00000000ed280000)
 ParOldGen       total 185344K, used 132904K [0x00000000c0000000, 0x00000000cb500000, 0x00000000eab00000)
  object space 185344K, 71% used [0x00000000c0000000,0x00000000c81ca018,0x00000000cb500000)
 Metaspace       used 74426K, committed 75456K, reserved 1122304K
  class space    used 7478K, committed 7936K, reserved 1048576K
}
Event: 54429.307 GC heap after
{Heap after GC invocations=555 (full 22):
 PSYoungGen      total 31744K, used 6427K [0x00000000eab00000, 0x00000000ed200000, 0x0000000100000000)
  eden space 25088K, 0% used [0x00000000eab00000,0x00000000eab00000,0x00000000ec380000)
  from space 6656K, 96% used [0x00000000ecb80000,0x00000000ed1c6e98,0x00000000ed200000)
  to   space 6656K, 0% used [0x00000000ec500000,0x00000000ec500000,0x00000000ecb80000)
 ParOldGen       total 185344K, used 132912K [0x00000000c0000000, 0x00000000cb500000, 0x00000000eab00000)
  object space 185344K, 71% used [0x00000000c0000000,0x00000000c81cc018,0x00000000cb500000)
 Metaspace       used 74426K, committed 75456K, reserved 1122304K
  class space    used 7478K, committed 7936K, reserved 1048576K
}
Event: 54455.022 GC heap before
{Heap before GC invocations=556 (full 22):
 PSYoungGen      total 31744K, used 31515K [0x00000000eab00000, 0x00000000ed200000, 0x0000000100000000)
  eden space 25088K, 100% used [0x00000000eab00000,0x00000000ec380000,0x00000000ec380000)
  from space 6656K, 96% used [0x00000000ecb80000,0x00000000ed1c6e98,0x00000000ed200000)
  to   space 6656K, 0% used [0x00000000ec500000,0x00000000ec500000,0x00000000ecb80000)
 ParOldGen       total 185344K, used 132912K [0x00000000c0000000, 0x00000000cb500000, 0x00000000eab00000)
  object space 185344K, 71% used [0x00000000c0000000,0x00000000c81cc018,0x00000000cb500000)
 Metaspace       used 74559K, committed 75584K, reserved 1122304K
  class space    used 7484K, committed 7936K, reserved 1048576K
}
Event: 54455.027 GC heap after
{Heap after GC invocations=556 (full 22):
 PSYoungGen      total 31232K, used 5847K [0x00000000eab00000, 0x00000000ecf80000, 0x0000000100000000)
  eden space 25088K, 0% used [0x00000000eab00000,0x00000000eab00000,0x00000000ec380000)
  from space 6144K, 95% used [0x00000000ec500000,0x00000000ecab5c88,0x00000000ecb00000)
  to   space 4608K, 0% used [0x00000000ecb00000,0x00000000ecb00000,0x00000000ecf80000)
 ParOldGen       total 185344K, used 132912K [0x00000000c0000000, 0x00000000cb500000, 0x00000000eab00000)
  object space 185344K, 71% used [0x00000000c0000000,0x00000000c81cc018,0x00000000cb500000)
 Metaspace       used 74559K, committed 75584K, reserved 1122304K
  class space    used 7484K, committed 7936K, reserved 1048576K
}
Event: 54770.522 GC heap before
{Heap before GC invocations=557 (full 22):
 PSYoungGen      total 31232K, used 30935K [0x00000000eab00000, 0x00000000ecf80000, 0x0000000100000000)
  eden space 25088K, 100% used [0x00000000eab00000,0x00000000ec380000,0x00000000ec380000)
  from space 6144K, 95% used [0x00000000ec500000,0x00000000ecab5c88,0x00000000ecb00000)
  to   space 4608K, 0% used [0x00000000ecb00000,0x00000000ecb00000,0x00000000ecf80000)
 ParOldGen       total 185344K, used 132912K [0x00000000c0000000, 0x00000000cb500000, 0x00000000eab00000)
  object space 185344K, 71% used [0x00000000c0000000,0x00000000c81cc018,0x00000000cb500000)
 Metaspace       used 74932K, committed 76032K, reserved 1122304K
  class space    used 7525K, committed 8064K, reserved 1048576K
}
Event: 54770.534 GC heap after
{Heap after GC invocations=557 (full 22):
 PSYoungGen      total 26624K, used 4605K [0x00000000eab00000, 0x00000000ed880000, 0x0000000100000000)
  eden space 22016K, 0% used [0x00000000eab00000,0x00000000eab00000,0x00000000ec080000)
  from space 4608K, 99% used [0x00000000ecb00000,0x00000000ecf7f500,0x00000000ecf80000)
  to   space 10752K, 0% used [0x00000000ec080000,0x00000000ec080000,0x00000000ecb00000)
 ParOldGen       total 185344K, used 138271K [0x00000000c0000000, 0x00000000cb500000, 0x00000000eab00000)
  object space 185344K, 74% used [0x00000000c0000000,0x00000000c8707d40,0x00000000cb500000)
 Metaspace       used 74932K, committed 76032K, reserved 1122304K
  class space    used 7525K, committed 8064K, reserved 1048576K
}
Event: 54770.629 GC heap before
{Heap before GC invocations=558 (full 22):
 PSYoungGen      total 26624K, used 26621K [0x00000000eab00000, 0x00000000ed880000, 0x0000000100000000)
  eden space 22016K, 100% used [0x00000000eab00000,0x00000000ec080000,0x00000000ec080000)
  from space 4608K, 99% used [0x00000000ecb00000,0x00000000ecf7f500,0x00000000ecf80000)
  to   space 10752K, 0% used [0x00000000ec080000,0x00000000ec080000,0x00000000ecb00000)
 ParOldGen       total 185344K, used 138271K [0x00000000c0000000, 0x00000000cb500000, 0x00000000eab00000)
  object space 185344K, 74% used [0x00000000c0000000,0x00000000c8707d40,0x00000000cb500000)
 Metaspace       used 74932K, committed 76032K, reserved 1122304K
  class space    used 7525K, committed 8064K, reserved 1048576K
}
Event: 54770.643 GC heap after
{Heap after GC invocations=558 (full 22):
 PSYoungGen      total 32768K, used 10723K [0x00000000eab00000, 0x00000000ed780000, 0x0000000100000000)
  eden space 22016K, 0% used [0x00000000eab00000,0x00000000eab00000,0x00000000ec080000)
  from space 10752K, 99% used [0x00000000ec080000,0x00000000ecaf8f10,0x00000000ecb00000)
  to   space 11776K, 0% used [0x00000000ecc00000,0x00000000ecc00000,0x00000000ed780000)
 ParOldGen       total 185344K, used 138671K [0x00000000c0000000, 0x00000000cb500000, 0x00000000eab00000)
  object space 185344K, 74% used [0x00000000c0000000,0x00000000c876bd40,0x00000000cb500000)
 Metaspace       used 74932K, committed 76032K, reserved 1122304K
  class space    used 7525K, committed 8064K, reserved 1048576K
}
Event: 57041.969 GC heap before
{Heap before GC invocations=559 (full 22):
 PSYoungGen      total 32768K, used 32739K [0x00000000eab00000, 0x00000000ed780000, 0x0000000100000000)
  eden space 22016K, 100% used [0x00000000eab00000,0x00000000ec080000,0x00000000ec080000)
  from space 10752K, 99% used [0x00000000ec080000,0x00000000ecaf8f10,0x00000000ecb00000)
  to   space 11776K, 0% used [0x00000000ecc00000,0x00000000ecc00000,0x00000000ed780000)
 ParOldGen       total 185344K, used 138671K [0x00000000c0000000, 0x00000000cb500000, 0x00000000eab00000)
  object space 185344K, 74% used [0x00000000c0000000,0x00000000c876bd40,0x00000000cb500000)
 Metaspace       used 74966K, committed 76032K, reserved 1122304K
  class space    used 7525K, committed 8064K, reserved 1048576K
}
Event: 57041.980 GC heap after
{Heap after GC invocations=559 (full 22):
 PSYoungGen      total 33792K, used 11198K [0x00000000eab00000, 0x00000000ed780000, 0x0000000100000000)
  eden space 22016K, 0% used [0x00000000eab00000,0x00000000eab00000,0x00000000ec080000)
  from space 11776K, 95% used [0x00000000ecc00000,0x00000000ed6ef810,0x00000000ed780000)
  to   space 11776K, 0% used [0x00000000ec080000,0x00000000ec080000,0x00000000ecc00000)
 ParOldGen       total 185344K, used 138671K [0x00000000c0000000, 0x00000000cb500000, 0x00000000eab00000)
  object space 185344K, 74% used [0x00000000c0000000,0x00000000c876bd40,0x00000000cb500000)
 Metaspace       used 74966K, committed 76032K, reserved 1122304K
  class space    used 7525K, committed 8064K, reserved 1048576K
}

