# JRE version: OpenJDK Runtime Environment Temurin-17.0.3+7 (17.0.3+7) (build 17.0.3+7)
# Java VM: OpenJDK 64-Bit Server VM Temurin-17.0.3+7 (17.0.3+7, mixed mode, emulated-client, tiered, compressed oops, compressed class ptrs, g1 gc, windows-amd64)
GC Precious Log:
 CPUs: 4 total, 4 available
 Memory: 8026M
 Large Page Support: Disabled
 NUMA Support: Disabled
 Compressed Oops: Enabled (32-bit)
 Heap Region Size: 1M
 Heap Min Capacity: 8M
 Heap Initial Capacity: 126M
 Heap Max Capacity: 2008M
 Pre-touch: Disabled
 Parallel Workers: 4
 Concurrent Workers: 1
 Concurrent Refinement Workers: 4
 Periodic GC: Disabled
Heap:
 garbage-first heap   total 45056K, used 17884K [0x0000000082800000, 0x0000000100000000)
  region size 1024K, 5 young (5120K), 2 survivors (2048K)
 Metaspace       used 31449K, committed 31680K, reserved 1081344K
  class space    used 3966K, committed 4096K, reserved 1048576K
GC Heap History (14 events):
Event: 4.077 GC heap before
{Heap before GC invocations=0 (full 0):
 garbage-first heap   total 129024K, used 12288K [0x0000000082800000, 0x0000000100000000)
  region size 1024K, 13 young (13312K), 0 survivors (0K)
 Metaspace       used 6849K, committed 6976K, reserved 1056768K
  class space    used 713K, committed 768K, reserved 1048576K
}
Event: 4.260 GC heap after
{Heap after GC invocations=1 (full 0):
 garbage-first heap   total 129024K, used 6575K [0x0000000082800000, 0x0000000100000000)
  region size 1024K, 2 young (2048K), 2 survivors (2048K)
 Metaspace       used 6849K, committed 6976K, reserved 1056768K
  class space    used 713K, committed 768K, reserved 1048576K
}
Event: 6.606 GC heap before
{Heap before GC invocations=1 (full 0):
 garbage-first heap   total 129024K, used 16815K [0x0000000082800000, 0x0000000100000000)
  region size 1024K, 12 young (12288K), 2 survivors (2048K)
 Metaspace       used 10545K, committed 10688K, reserved 1064960K
  class space    used 1212K, committed 1280K, reserved 1048576K
}
Event: 6.611 GC heap after
{Heap after GC invocations=2 (full 0):
 garbage-first heap   total 129024K, used 8208K [0x0000000082800000, 0x0000000100000000)
  region size 1024K, 2 young (2048K), 2 survivors (2048K)
 Metaspace       used 10545K, committed 10688K, reserved 1064960K
  class space    used 1212K, committed 1280K, reserved 1048576K
}
Event: 8.502 GC heap before
{Heap before GC invocations=2 (full 0):
 garbage-first heap   total 129024K, used 30736K [0x0000000082800000, 0x0000000100000000)
  region size 1024K, 24 young (24576K), 2 survivors (2048K)
 Metaspace       used 17527K, committed 17664K, reserved 1064960K
  class space    used 2118K, committed 2176K, reserved 1048576K
}
Event: 8.508 GC heap after
{Heap after GC invocations=3 (full 0):
 garbage-first heap   total 129024K, used 10489K [0x0000000082800000, 0x0000000100000000)
  region size 1024K, 3 young (3072K), 3 survivors (3072K)
 Metaspace       used 17527K, committed 17664K, reserved 1064960K
  class space    used 2118K, committed 2176K, reserved 1048576K
}
Event: 9.016 GC heap before
{Heap before GC invocations=3 (full 0):
 garbage-first heap   total 129024K, used 26873K [0x0000000082800000, 0x0000000100000000)
  region size 1024K, 20 young (20480K), 3 survivors (3072K)
 Metaspace       used 21353K, committed 21504K, reserved 1073152K
  class space    used 2593K, committed 2688K, reserved 1048576K
}
Event: 9.021 GC heap after
{Heap after GC invocations=4 (full 0):
 garbage-first heap   total 129024K, used 11133K [0x0000000082800000, 0x0000000100000000)
  region size 1024K, 4 young (4096K), 4 survivors (4096K)
 Metaspace       used 21353K, committed 21504K, reserved 1073152K
  class space    used 2593K, committed 2688K, reserved 1048576K
}
Event: 10.905 GC heap before
{Heap before GC invocations=5 (full 0):
 garbage-first heap   total 45056K, used 33661K [0x0000000082800000, 0x0000000100000000)
  region size 1024K, 26 young (26624K), 4 survivors (4096K)
 Metaspace       used 24832K, committed 25024K, reserved 1073152K
  class space    used 3037K, committed 3136K, reserved 1048576K
}
Event: 10.915 GC heap after
{Heap after GC invocations=6 (full 0):
 garbage-first heap   total 45056K, used 12584K [0x0000000082800000, 0x0000000100000000)
  region size 1024K, 3 young (3072K), 3 survivors (3072K)
 Metaspace       used 24832K, committed 25024K, reserved 1073152K
  class space    used 3037K, committed 3136K, reserved 1048576K
}
Event: 14.008 GC heap before
{Heap before GC invocations=6 (full 0):
 garbage-first heap   total 45056K, used 27944K [0x0000000082800000, 0x0000000100000000)
  region size 1024K, 19 young (19456K), 3 survivors (3072K)
 Metaspace       used 27338K, committed 27584K, reserved 1073152K
  class space    used 3420K, committed 3520K, reserved 1048576K
}
Event: 14.020 GC heap after
{Heap after GC invocations=7 (full 0):
 garbage-first heap   total 45056K, used 14388K [0x0000000082800000, 0x0000000100000000)
  region size 1024K, 3 young (3072K), 3 survivors (3072K)
 Metaspace       used 27338K, committed 27584K, reserved 1073152K
  class space    used 3420K, committed 3520K, reserved 1048576K
}
Event: 15.324 GC heap before
{Heap before GC invocations=7 (full 0):
 garbage-first heap   total 45056K, used 29748K [0x0000000082800000, 0x0000000100000000)
  region size 1024K, 19 young (19456K), 3 survivors (3072K)
 Metaspace       used 31010K, committed 31296K, reserved 1081344K
  class space    used 3900K, committed 4032K, reserved 1048576K
}
Event: 15.337 GC heap after
{Heap after GC invocations=8 (full 0):
 garbage-first heap   total 45056K, used 15836K [0x0000000082800000, 0x0000000100000000)
  region size 1024K, 2 young (2048K), 2 survivors (2048K)
 Metaspace       used 31010K, committed 31296K, reserved 1081344K
  class space    used 3900K, committed 4032K, reserved 1048576K
}

