# JRE version: OpenJDK Runtime Environment Temurin-17.0.3+7 (17.0.3+7) (build 17.0.3+7)
# Java VM: OpenJDK 64-Bit Server VM Temurin-17.0.3+7 (17.0.3+7, mixed mode, emulated-client, tiered, compressed oops, compressed class ptrs, g1 gc, windows-amd64)
GC Precious Log:
 CPUs: 4 total, 4 available
 Memory: 8026M
 Large Page Support: Disabled
 NUMA Support: Disabled
 Compressed Oops: Enabled (32-bit)
 Heap Region Size: 1M
 Heap Min Capacity: 8M
 Heap Initial Capacity: 126M
 Heap Max Capacity: 2008M
 Pre-touch: Disabled
 Parallel Workers: 4
 Concurrent Workers: 1
 Concurrent Refinement Workers: 4
 Periodic GC: Disabled
Heap:
 garbage-first heap   total 129024K, used 63522K [0x0000000082800000, 0x0000000100000000)
  region size 1024K, 2 young (2048K), 2 survivors (2048K)
 Metaspace       used 34912K, committed 35200K, reserved 1081344K
  class space    used 4534K, committed 4672K, reserved 1048576K
GC Heap History (20 events):
Event: 15.638 GC heap after
{Heap after GC invocations=12 (full 0):
 garbage-first heap   total 58368K, used 25506K [0x0000000082800000, 0x0000000100000000)
  region size 1024K, 2 young (2048K), 2 survivors (2048K)
 Metaspace       used 33452K, committed 33728K, reserved 1081344K
  class space    used 4251K, committed 4352K, reserved 1048576K
}
Event: 15.811 GC heap before
{Heap before GC invocations=13 (full 0):
 garbage-first heap   total 58368K, used 41890K [0x0000000082800000, 0x0000000100000000)
  region size 1024K, 18 young (18432K), 2 survivors (2048K)
 Metaspace       used 33925K, committed 34240K, reserved 1081344K
  class space    used 4332K, committed 4480K, reserved 1048576K
}
Event: 15.816 GC heap after
{Heap after GC invocations=14 (full 0):
 garbage-first heap   total 58368K, used 28486K [0x0000000082800000, 0x0000000100000000)
  region size 1024K, 3 young (3072K), 3 survivors (3072K)
 Metaspace       used 33925K, committed 34240K, reserved 1081344K
  class space    used 4332K, committed 4480K, reserved 1048576K
}
Event: 15.886 GC heap before
{Heap before GC invocations=14 (full 0):
 garbage-first heap   total 58368K, used 42822K [0x0000000082800000, 0x0000000100000000)
  region size 1024K, 17 young (17408K), 3 survivors (3072K)
 Metaspace       used 34033K, committed 34368K, reserved 1081344K
  class space    used 4346K, committed 4480K, reserved 1048576K
}
Event: 15.891 GC heap after
{Heap after GC invocations=15 (full 0):
 garbage-first heap   total 58368K, used 30941K [0x0000000082800000, 0x0000000100000000)
  region size 1024K, 3 young (3072K), 3 survivors (3072K)
 Metaspace       used 34033K, committed 34368K, reserved 1081344K
  class space    used 4346K, committed 4480K, reserved 1048576K
}
Event: 15.974 GC heap before
{Heap before GC invocations=15 (full 0):
 garbage-first heap   total 68608K, used 42205K [0x0000000082800000, 0x0000000100000000)
  region size 1024K, 15 young (15360K), 3 survivors (3072K)
 Metaspace       used 34310K, committed 34624K, reserved 1081344K
  class space    used 4409K, committed 4544K, reserved 1048576K
}
Event: 15.979 GC heap after
{Heap after GC invocations=16 (full 0):
 garbage-first heap   total 68608K, used 32931K [0x0000000082800000, 0x0000000100000000)
  region size 1024K, 2 young (2048K), 2 survivors (2048K)
 Metaspace       used 34310K, committed 34624K, reserved 1081344K
  class space    used 4409K, committed 4544K, reserved 1048576K
}
Event: 16.062 GC heap before
{Heap before GC invocations=17 (full 0):
 garbage-first heap   total 68608K, used 51363K [0x0000000082800000, 0x0000000100000000)
  region size 1024K, 20 young (20480K), 2 survivors (2048K)
 Metaspace       used 34565K, committed 34880K, reserved 1081344K
  class space    used 4479K, committed 4608K, reserved 1048576K
}
Event: 16.068 GC heap after
{Heap after GC invocations=18 (full 0):
 garbage-first heap   total 68608K, used 36131K [0x0000000082800000, 0x0000000100000000)
  region size 1024K, 3 young (3072K), 3 survivors (3072K)
 Metaspace       used 34565K, committed 34880K, reserved 1081344K
  class space    used 4479K, committed 4608K, reserved 1048576K
}
Event: 16.146 GC heap before
{Heap before GC invocations=18 (full 0):
 garbage-first heap   total 68608K, used 50467K [0x0000000082800000, 0x0000000100000000)
  region size 1024K, 18 young (18432K), 3 survivors (3072K)
 Metaspace       used 34786K, committed 35008K, reserved 1081344K
  class space    used 4518K, committed 4608K, reserved 1048576K
}
Event: 16.153 GC heap after
{Heap after GC invocations=19 (full 0):
 garbage-first heap   total 98304K, used 39381K [0x0000000082800000, 0x0000000100000000)
  region size 1024K, 3 young (3072K), 3 survivors (3072K)
 Metaspace       used 34786K, committed 35008K, reserved 1081344K
  class space    used 4518K, committed 4608K, reserved 1048576K
}
Event: 17.545 GC heap before
{Heap before GC invocations=20 (full 0):
 garbage-first heap   total 98304K, used 72149K [0x0000000082800000, 0x0000000100000000)
  region size 1024K, 34 young (34816K), 3 survivors (3072K)
 Metaspace       used 34799K, committed 35008K, reserved 1081344K
  class space    used 4521K, committed 4608K, reserved 1048576K
}
Event: 17.564 GC heap after
{Heap after GC invocations=21 (full 0):
 garbage-first heap   total 98304K, used 52202K [0x0000000082800000, 0x0000000100000000)
  region size 1024K, 5 young (5120K), 5 survivors (5120K)
 Metaspace       used 34799K, committed 35008K, reserved 1081344K
  class space    used 4521K, committed 4608K, reserved 1048576K
}
Event: 17.743 GC heap before
{Heap before GC invocations=21 (full 0):
 garbage-first heap   total 98304K, used 61418K [0x0000000082800000, 0x0000000100000000)
  region size 1024K, 15 young (15360K), 5 survivors (5120K)
 Metaspace       used 34799K, committed 35008K, reserved 1081344K
  class space    used 4521K, committed 4608K, reserved 1048576K
}
Event: 17.755 GC heap after
{Heap after GC invocations=22 (full 0):
 garbage-first heap   total 98304K, used 57518K [0x0000000082800000, 0x0000000100000000)
  region size 1024K, 4 young (4096K), 4 survivors (4096K)
 Metaspace       used 34799K, committed 35008K, reserved 1081344K
  class space    used 4521K, committed 4608K, reserved 1048576K
}
Event: 17.856 GC heap before
{Heap before GC invocations=22 (full 0):
 garbage-first heap   total 98304K, used 72878K [0x0000000082800000, 0x0000000100000000)
  region size 1024K, 19 young (19456K), 4 survivors (4096K)
 Metaspace       used 34888K, committed 35200K, reserved 1081344K
  class space    used 4530K, committed 4672K, reserved 1048576K
}
Event: 17.876 GC heap after
{Heap after GC invocations=23 (full 0):
 garbage-first heap   total 98304K, used 63255K [0x0000000082800000, 0x0000000100000000)
  region size 1024K, 3 young (3072K), 3 survivors (3072K)
 Metaspace       used 34888K, committed 35200K, reserved 1081344K
  class space    used 4530K, committed 4672K, reserved 1048576K
}
Event: 17.925 GC heap before
{Heap before GC invocations=23 (full 0):
 garbage-first heap   total 98304K, used 73495K [0x0000000082800000, 0x0000000100000000)
  region size 1024K, 14 young (14336K), 3 survivors (3072K)
 Metaspace       used 34889K, committed 35200K, reserved 1081344K
  class space    used 4531K, committed 4672K, reserved 1048576K
}
Event: 17.935 GC heap after
{Heap after GC invocations=24 (full 0):
 garbage-first heap   total 98304K, used 64357K [0x0000000082800000, 0x0000000100000000)
  region size 1024K, 1 young (1024K), 1 survivors (1024K)
 Metaspace       used 34889K, committed 35200K, reserved 1081344K
  class space    used 4531K, committed 4672K, reserved 1048576K
}
Event: 17.961 GC heap before
{Heap before GC invocations=24 (full 0):
 garbage-first heap   total 116736K, used 74597K [0x0000000082800000, 0x0000000100000000)
  region size 1024K, 13 young (13312K), 1 survivors (1024K)
 Metaspace       used 34912K, committed 35200K, reserved 1081344K
  class space    used 4534K, committed 4672K, reserved 1048576K
}

