# JRE version: OpenJDK Runtime Environment Temurin-17.0.3+7 (17.0.3+7) (build 17.0.3+7)
# Java VM: OpenJDK 64-Bit Server VM Temurin-17.0.3+7 (17.0.3+7, mixed mode, emulated-client, tiered, compressed oops, compressed class ptrs, g1 gc, windows-amd64)
GC Precious Log:
 CPUs: 4 total, 4 available
 Memory: 8026M
 Large Page Support: Disabled
 NUMA Support: Disabled
 Compressed Oops: Enabled (32-bit)
 Heap Region Size: 1M
 Heap Min Capacity: 8M
 Heap Initial Capacity: 126M
 Heap Max Capacity: 2008M
 Pre-touch: Disabled
 Parallel Workers: 4
 Concurrent Workers: 1
 Concurrent Refinement Workers: 4
 Periodic GC: Disabled
Heap:
 garbage-first heap   total 129024K, used 64418K [0x0000000082800000, 0x0000000100000000)
  region size 1024K, 2 young (2048K), 2 survivors (2048K)
 Metaspace       used 34999K, committed 35328K, reserved 1081344K
  class space    used 4542K, committed 4736K, reserved 1048576K
GC Heap History (20 events):
Event: 22.485 GC heap after
{Heap after GC invocations=18 (full 0):
 garbage-first heap   total 51200K, used 30247K [0x0000000082800000, 0x0000000100000000)
  region size 1024K, 2 young (2048K), 2 survivors (2048K)
 Metaspace       used 34793K, committed 35136K, reserved 1081344K
  class space    used 4518K, committed 4672K, reserved 1048576K
}
Event: 22.644 GC heap before
{Heap before GC invocations=18 (full 0):
 garbage-first heap   total 60416K, used 39463K [0x0000000082800000, 0x0000000100000000)
  region size 1024K, 11 young (11264K), 2 survivors (2048K)
 Metaspace       used 34793K, committed 35136K, reserved 1081344K
  class space    used 4518K, committed 4672K, reserved 1048576K
}
Event: 22.652 GC heap after
{Heap after GC invocations=19 (full 0):
 garbage-first heap   total 60416K, used 32041K [0x0000000082800000, 0x0000000100000000)
  region size 1024K, 2 young (2048K), 2 survivors (2048K)
 Metaspace       used 34793K, committed 35136K, reserved 1081344K
  class space    used 4518K, committed 4672K, reserved 1048576K
}
Event: 22.715 GC heap before
{Heap before GC invocations=20 (full 0):
 garbage-first heap   total 60416K, used 45353K [0x0000000082800000, 0x0000000100000000)
  region size 1024K, 15 young (15360K), 2 survivors (2048K)
 Metaspace       used 34793K, committed 35136K, reserved 1081344K
  class space    used 4518K, committed 4672K, reserved 1048576K
}
Event: 22.719 GC heap after
{Heap after GC invocations=21 (full 0):
 garbage-first heap   total 60416K, used 34134K [0x0000000082800000, 0x0000000100000000)
  region size 1024K, 2 young (2048K), 2 survivors (2048K)
 Metaspace       used 34793K, committed 35136K, reserved 1081344K
  class space    used 4518K, committed 4672K, reserved 1048576K
}
Event: 22.856 GC heap before
{Heap before GC invocations=21 (full 0):
 garbage-first heap   total 60416K, used 46422K [0x0000000082800000, 0x0000000100000000)
  region size 1024K, 14 young (14336K), 2 survivors (2048K)
 Metaspace       used 34794K, committed 35136K, reserved 1081344K
  class space    used 4518K, committed 4672K, reserved 1048576K
}
Event: 22.864 GC heap after
{Heap after GC invocations=22 (full 0):
 garbage-first heap   total 105472K, used 36662K [0x0000000082800000, 0x0000000100000000)
  region size 1024K, 2 young (2048K), 2 survivors (2048K)
 Metaspace       used 34794K, committed 35136K, reserved 1081344K
  class space    used 4518K, committed 4672K, reserved 1048576K
}
Event: 25.283 GC heap before
{Heap before GC invocations=23 (full 0):
 garbage-first heap   total 105472K, used 75574K [0x0000000082800000, 0x0000000100000000)
  region size 1024K, 40 young (40960K), 2 survivors (2048K)
 Metaspace       used 34799K, committed 35136K, reserved 1081344K
  class space    used 4519K, committed 4672K, reserved 1048576K
}
Event: 25.303 GC heap after
{Heap after GC invocations=24 (full 0):
 garbage-first heap   total 105472K, used 50868K [0x0000000082800000, 0x0000000100000000)
  region size 1024K, 5 young (5120K), 5 survivors (5120K)
 Metaspace       used 34799K, committed 35136K, reserved 1081344K
  class space    used 4519K, committed 4672K, reserved 1048576K
}
Event: 25.505 GC heap before
{Heap before GC invocations=24 (full 0):
 garbage-first heap   total 105472K, used 60084K [0x0000000082800000, 0x0000000100000000)
  region size 1024K, 16 young (16384K), 5 survivors (5120K)
 Metaspace       used 34799K, committed 35136K, reserved 1081344K
  class space    used 4519K, committed 4672K, reserved 1048576K
}
Event: 25.517 GC heap after
{Heap after GC invocations=25 (full 0):
 garbage-first heap   total 105472K, used 56577K [0x0000000082800000, 0x0000000100000000)
  region size 1024K, 4 young (4096K), 4 survivors (4096K)
 Metaspace       used 34799K, committed 35136K, reserved 1081344K
  class space    used 4519K, committed 4672K, reserved 1048576K
}
Event: 25.817 GC heap before
{Heap before GC invocations=25 (full 0):
 garbage-first heap   total 105472K, used 73985K [0x0000000082800000, 0x0000000100000000)
  region size 1024K, 22 young (22528K), 4 survivors (4096K)
 Metaspace       used 34887K, committed 35200K, reserved 1081344K
  class space    used 4527K, committed 4672K, reserved 1048576K
}
Event: 25.838 GC heap after
{Heap after GC invocations=26 (full 0):
 garbage-first heap   total 105472K, used 61338K [0x0000000082800000, 0x0000000100000000)
  region size 1024K, 3 young (3072K), 3 survivors (3072K)
 Metaspace       used 34887K, committed 35200K, reserved 1081344K
  class space    used 4527K, committed 4672K, reserved 1048576K
}
Event: 25.881 GC heap before
{Heap before GC invocations=27 (full 0):
 garbage-first heap   total 105472K, used 76698K [0x0000000082800000, 0x0000000100000000)
  region size 1024K, 19 young (19456K), 3 survivors (3072K)
 Metaspace       used 34898K, committed 35200K, reserved 1081344K
  class space    used 4529K, committed 4672K, reserved 1048576K
}
Event: 25.890 GC heap after
{Heap after GC invocations=28 (full 0):
 garbage-first heap   total 105472K, used 62984K [0x0000000082800000, 0x0000000100000000)
  region size 1024K, 1 young (1024K), 1 survivors (1024K)
 Metaspace       used 34898K, committed 35200K, reserved 1081344K
  class space    used 4529K, committed 4672K, reserved 1048576K
}
Event: 25.895 GC heap before
{Heap before GC invocations=28 (full 0):
 garbage-first heap   total 105472K, used 66056K [0x0000000082800000, 0x0000000100000000)
  region size 1024K, 5 young (5120K), 1 survivors (1024K)
 Metaspace       used 34910K, committed 35200K, reserved 1081344K
  class space    used 4530K, committed 4672K, reserved 1048576K
}
Event: 25.897 GC heap after
{Heap after GC invocations=29 (full 0):
 garbage-first heap   total 105472K, used 62967K [0x0000000082800000, 0x0000000100000000)
  region size 1024K, 1 young (1024K), 1 survivors (1024K)
 Metaspace       used 34910K, committed 35200K, reserved 1081344K
  class space    used 4530K, committed 4672K, reserved 1048576K
}
Event: 25.908 GC heap before
{Heap before GC invocations=29 (full 0):
 garbage-first heap   total 105472K, used 78327K [0x0000000082800000, 0x0000000100000000)
  region size 1024K, 17 young (17408K), 1 survivors (1024K)
 Metaspace       used 34955K, committed 35328K, reserved 1081344K
  class space    used 4538K, committed 4736K, reserved 1048576K
}
Event: 25.909 GC heap after
{Heap after GC invocations=30 (full 0):
 garbage-first heap   total 105472K, used 63715K [0x0000000082800000, 0x0000000100000000)
  region size 1024K, 2 young (2048K), 2 survivors (2048K)
 Metaspace       used 34955K, committed 35328K, reserved 1081344K
  class space    used 4538K, committed 4736K, reserved 1048576K
}
Event: 25.922 GC heap before
{Heap before GC invocations=30 (full 0):
 garbage-first heap   total 105472K, used 80099K [0x0000000082800000, 0x0000000100000000)
  region size 1024K, 19 young (19456K), 2 survivors (2048K)
 Metaspace       used 34999K, committed 35328K, reserved 1081344K
  class space    used 4542K, committed 4736K, reserved 1048576K
}

