# JRE version: OpenJDK Runtime Environment Temurin-17.0.3+7 (17.0.3+7) (build 17.0.3+7)
# Java VM: OpenJDK 64-Bit Server VM Temurin-17.0.3+7 (17.0.3+7, mixed mode, emulated-client, tiered, compressed oops, compressed class ptrs, g1 gc, windows-amd64)
GC Precious Log:
 CPUs: 4 total, 4 available
 Memory: 8026M
 Large Page Support: Disabled
 NUMA Support: Disabled
 Compressed Oops: Enabled (32-bit)
 Heap Region Size: 1M
 Heap Min Capacity: 8M
 Heap Initial Capacity: 126M
 Heap Max Capacity: 2008M
 Pre-touch: Disabled
 Parallel Workers: 4
 Concurrent Workers: 1
 Concurrent Refinement Workers: 4
 Periodic GC: Disabled
Heap:
 garbage-first heap   total 129024K, used 48683K [0x0000000082800000, 0x0000000100000000)
  region size 1024K, 2 young (2048K), 2 survivors (2048K)
 Metaspace       used 34863K, committed 35136K, reserved 1081344K
  class space    used 4536K, committed 4672K, reserved 1048576K
GC Heap History (20 events):
Event: 6.092 GC heap after
{Heap after GC invocations=9 (full 0):
 garbage-first heap   total 54272K, used 18315K [0x0000000082800000, 0x0000000100000000)
  region size 1024K, 3 young (3072K), 3 survivors (3072K)
 Metaspace       used 32814K, committed 33088K, reserved 1081344K
  class space    used 4161K, committed 4288K, reserved 1048576K
}
Event: 6.307 GC heap before
{Heap before GC invocations=9 (full 0):
 garbage-first heap   total 54272K, used 36747K [0x0000000082800000, 0x0000000100000000)
  region size 1024K, 22 young (22528K), 3 survivors (3072K)
 Metaspace       used 33237K, committed 33472K, reserved 1081344K
  class space    used 4220K, committed 4352K, reserved 1048576K
}
Event: 6.314 GC heap after
{Heap after GC invocations=10 (full 0):
 garbage-first heap   total 54272K, used 22247K [0x0000000082800000, 0x0000000100000000)
  region size 1024K, 3 young (3072K), 3 survivors (3072K)
 Metaspace       used 33237K, committed 33472K, reserved 1081344K
  class space    used 4220K, committed 4352K, reserved 1048576K
}
Event: 6.503 GC heap before
{Heap before GC invocations=10 (full 0):
 garbage-first heap   total 54272K, used 37607K [0x0000000082800000, 0x0000000100000000)
  region size 1024K, 19 young (19456K), 3 survivors (3072K)
 Metaspace       used 33528K, committed 33856K, reserved 1081344K
  class space    used 4264K, committed 4416K, reserved 1048576K
}
Event: 6.508 GC heap after
{Heap after GC invocations=11 (full 0):
 garbage-first heap   total 54272K, used 25596K [0x0000000082800000, 0x0000000100000000)
  region size 1024K, 3 young (3072K), 3 survivors (3072K)
 Metaspace       used 33528K, committed 33856K, reserved 1081344K
  class space    used 4264K, committed 4416K, reserved 1048576K
}
Event: 6.603 GC heap before
{Heap before GC invocations=11 (full 0):
 garbage-first heap   total 54272K, used 38908K [0x0000000082800000, 0x0000000100000000)
  region size 1024K, 16 young (16384K), 3 survivors (3072K)
 Metaspace       used 33970K, committed 34304K, reserved 1081344K
  class space    used 4333K, committed 4480K, reserved 1048576K
}
Event: 6.608 GC heap after
{Heap after GC invocations=12 (full 0):
 garbage-first heap   total 54272K, used 28072K [0x0000000082800000, 0x0000000100000000)
  region size 1024K, 2 young (2048K), 2 survivors (2048K)
 Metaspace       used 33970K, committed 34304K, reserved 1081344K
  class space    used 4333K, committed 4480K, reserved 1048576K
}
Event: 6.668 GC heap before
{Heap before GC invocations=12 (full 0):
 garbage-first heap   total 54272K, used 39336K [0x0000000082800000, 0x0000000100000000)
  region size 1024K, 13 young (13312K), 2 survivors (2048K)
 Metaspace       used 34229K, committed 34496K, reserved 1081344K
  class space    used 4380K, committed 4480K, reserved 1048576K
}
Event: 6.674 GC heap after
{Heap after GC invocations=13 (full 0):
 garbage-first heap   total 70656K, used 30420K [0x0000000082800000, 0x0000000100000000)
  region size 1024K, 2 young (2048K), 2 survivors (2048K)
 Metaspace       used 34229K, committed 34496K, reserved 1081344K
  class space    used 4380K, committed 4480K, reserved 1048576K
}
Event: 6.809 GC heap before
{Heap before GC invocations=14 (full 0):
 garbage-first heap   total 70656K, used 51924K [0x0000000082800000, 0x0000000100000000)
  region size 1024K, 23 young (23552K), 2 survivors (2048K)
 Metaspace       used 34487K, committed 34688K, reserved 1081344K
  class space    used 4459K, committed 4544K, reserved 1048576K
}
Event: 6.815 GC heap after
{Heap after GC invocations=15 (full 0):
 garbage-first heap   total 70656K, used 33942K [0x0000000082800000, 0x0000000100000000)
  region size 1024K, 3 young (3072K), 3 survivors (3072K)
 Metaspace       used 34487K, committed 34688K, reserved 1081344K
  class space    used 4459K, committed 4544K, reserved 1048576K
}
Event: 6.901 GC heap before
{Heap before GC invocations=15 (full 0):
 garbage-first heap   total 70656K, used 53398K [0x0000000082800000, 0x0000000100000000)
  region size 1024K, 22 young (22528K), 3 survivors (3072K)
 Metaspace       used 34593K, committed 34880K, reserved 1081344K
  class space    used 4490K, committed 4608K, reserved 1048576K
}
Event: 6.909 GC heap after
{Heap after GC invocations=16 (full 0):
 garbage-first heap   total 70656K, used 37815K [0x0000000082800000, 0x0000000100000000)
  region size 1024K, 3 young (3072K), 3 survivors (3072K)
 Metaspace       used 34593K, committed 34880K, reserved 1081344K
  class space    used 4490K, committed 4608K, reserved 1048576K
}
Event: 7.023 GC heap before
{Heap before GC invocations=16 (full 0):
 garbage-first heap   total 70656K, used 54199K [0x0000000082800000, 0x0000000100000000)
  region size 1024K, 19 young (19456K), 3 survivors (3072K)
 Metaspace       used 34769K, committed 35008K, reserved 1081344K
  class space    used 4517K, committed 4608K, reserved 1048576K
}
Event: 7.032 GC heap after
{Heap after GC invocations=17 (full 0):
 garbage-first heap   total 70656K, used 42414K [0x0000000082800000, 0x0000000100000000)
  region size 1024K, 3 young (3072K), 3 survivors (3072K)
 Metaspace       used 34769K, committed 35008K, reserved 1081344K
  class space    used 4517K, committed 4608K, reserved 1048576K
}
Event: 7.383 GC heap before
{Heap before GC invocations=18 (full 0):
 garbage-first heap   total 86016K, used 51630K [0x0000000082800000, 0x0000000100000000)
  region size 1024K, 13 young (13312K), 3 survivors (3072K)
 Metaspace       used 34862K, committed 35136K, reserved 1081344K
  class space    used 4536K, committed 4672K, reserved 1048576K
}
Event: 7.392 GC heap after
{Heap after GC invocations=19 (full 0):
 garbage-first heap   total 86016K, used 46095K [0x0000000082800000, 0x0000000100000000)
  region size 1024K, 2 young (2048K), 2 survivors (2048K)
 Metaspace       used 34862K, committed 35136K, reserved 1081344K
  class space    used 4536K, committed 4672K, reserved 1048576K
}
Event: 7.485 GC heap before
{Heap before GC invocations=19 (full 0):
 garbage-first heap   total 86016K, used 48143K [0x0000000082800000, 0x0000000100000000)
  region size 1024K, 4 young (4096K), 2 survivors (2048K)
 Metaspace       used 34862K, committed 35136K, reserved 1081344K
  class space    used 4536K, committed 4672K, reserved 1048576K
}
Event: 7.490 GC heap after
{Heap after GC invocations=20 (full 0):
 garbage-first heap   total 86016K, used 46839K [0x0000000082800000, 0x0000000100000000)
  region size 1024K, 1 young (1024K), 1 survivors (1024K)
 Metaspace       used 34862K, committed 35136K, reserved 1081344K
  class space    used 4536K, committed 4672K, reserved 1048576K
}
Event: 7.637 GC heap before
{Heap before GC invocations=20 (full 0):
 garbage-first heap   total 86016K, used 50935K [0x0000000082800000, 0x0000000100000000)
  region size 1024K, 7 young (7168K), 1 survivors (1024K)
 Metaspace       used 34863K, committed 35136K, reserved 1081344K
  class space    used 4536K, committed 4672K, reserved 1048576K
}

