# JRE version: OpenJDK Runtime Environment Temurin-17.0.3+7 (17.0.3+7) (build 17.0.3+7)
# Java VM: OpenJDK 64-Bit Server VM Temurin-17.0.3+7 (17.0.3+7, mixed mode, emulated-client, tiered, compressed oops, compressed class ptrs, g1 gc, windows-amd64)
GC Precious Log:
 CPUs: 4 total, 4 available
 Memory: 8026M
 Large Page Support: Disabled
 NUMA Support: Disabled
 Compressed Oops: Enabled (32-bit)
 Heap Region Size: 1M
 Heap Min Capacity: 8M
 Heap Initial Capacity: 126M
 Heap Max Capacity: 2008M
 Pre-touch: Disabled
 Parallel Workers: 4
 Concurrent Workers: 1
 Concurrent Refinement Workers: 4
 Periodic GC: Disabled
Heap:
 garbage-first heap   total 129024K, used 63957K [0x0000000082800000, 0x0000000100000000)
  region size 1024K, 2 young (2048K), 2 survivors (2048K)
 Metaspace       used 35000K, committed 35264K, reserved 1081344K
  class space    used 4552K, committed 4672K, reserved 1048576K
GC Heap History (20 events):
Event: 5.638 GC heap after
{Heap after GC invocations=9 (full 0):
 garbage-first heap   total 65536K, used 15913K [0x0000000082800000, 0x0000000100000000)
  region size 1024K, 2 young (2048K), 2 survivors (2048K)
 Metaspace       used 31035K, committed 31296K, reserved 1081344K
  class space    used 3901K, committed 4032K, reserved 1048576K
}
Event: 6.540 GC heap before
{Heap before GC invocations=9 (full 0):
 garbage-first heap   total 65536K, used 45609K [0x0000000082800000, 0x0000000100000000)
  region size 1024K, 32 young (32768K), 2 survivors (2048K)
 Metaspace       used 33471K, committed 33792K, reserved 1081344K
  class space    used 4255K, committed 4416K, reserved 1048576K
}
Event: 6.548 GC heap after
{Heap after GC invocations=10 (full 0):
 garbage-first heap   total 65536K, used 20643K [0x0000000082800000, 0x0000000100000000)
  region size 1024K, 4 young (4096K), 4 survivors (4096K)
 Metaspace       used 33471K, committed 33792K, reserved 1081344K
  class space    used 4255K, committed 4416K, reserved 1048576K
}
Event: 6.774 GC heap before
{Heap before GC invocations=10 (full 0):
 garbage-first heap   total 65536K, used 45219K [0x0000000082800000, 0x0000000100000000)
  region size 1024K, 29 young (29696K), 4 survivors (4096K)
 Metaspace       used 34171K, committed 34496K, reserved 1081344K
  class space    used 4372K, committed 4544K, reserved 1048576K
}
Event: 6.782 GC heap after
{Heap after GC invocations=11 (full 0):
 garbage-first heap   total 65536K, used 25583K [0x0000000082800000, 0x0000000100000000)
  region size 1024K, 4 young (4096K), 4 survivors (4096K)
 Metaspace       used 34171K, committed 34496K, reserved 1081344K
  class space    used 4372K, committed 4544K, reserved 1048576K
}
Event: 6.901 GC heap before
{Heap before GC invocations=11 (full 0):
 garbage-first heap   total 65536K, used 47087K [0x0000000082800000, 0x0000000100000000)
  region size 1024K, 25 young (25600K), 4 survivors (4096K)
 Metaspace       used 34502K, committed 34816K, reserved 1081344K
  class space    used 4447K, committed 4608K, reserved 1048576K
}
Event: 6.911 GC heap after
{Heap after GC invocations=12 (full 0):
 garbage-first heap   total 65536K, used 30034K [0x0000000082800000, 0x0000000100000000)
  region size 1024K, 4 young (4096K), 4 survivors (4096K)
 Metaspace       used 34502K, committed 34816K, reserved 1081344K
  class space    used 4447K, committed 4608K, reserved 1048576K
}
Event: 6.985 GC heap before
{Heap before GC invocations=12 (full 0):
 garbage-first heap   total 65536K, used 48466K [0x0000000082800000, 0x0000000100000000)
  region size 1024K, 22 young (22528K), 4 survivors (4096K)
 Metaspace       used 34842K, committed 35200K, reserved 1081344K
  class space    used 4520K, committed 4672K, reserved 1048576K
}
Event: 6.991 GC heap after
{Heap after GC invocations=13 (full 0):
 garbage-first heap   total 65536K, used 32768K [0x0000000082800000, 0x0000000100000000)
  region size 1024K, 3 young (3072K), 3 survivors (3072K)
 Metaspace       used 34842K, committed 35200K, reserved 1081344K
  class space    used 4520K, committed 4672K, reserved 1048576K
}
Event: 7.061 GC heap before
{Heap before GC invocations=13 (full 0):
 garbage-first heap   total 65536K, used 49152K [0x0000000082800000, 0x0000000100000000)
  region size 1024K, 20 young (20480K), 3 survivors (3072K)
 Metaspace       used 34915K, committed 35200K, reserved 1081344K
  class space    used 4534K, committed 4672K, reserved 1048576K
}
Event: 7.068 GC heap after
{Heap after GC invocations=14 (full 0):
 garbage-first heap   total 99328K, used 35641K [0x0000000082800000, 0x0000000100000000)
  region size 1024K, 3 young (3072K), 3 survivors (3072K)
 Metaspace       used 34915K, committed 35200K, reserved 1081344K
  class space    used 4534K, committed 4672K, reserved 1048576K
}
Event: 7.591 GC heap before
{Heap before GC invocations=15 (full 0):
 garbage-first heap   total 99328K, used 72505K [0x0000000082800000, 0x0000000100000000)
  region size 1024K, 39 young (39936K), 3 survivors (3072K)
 Metaspace       used 34919K, committed 35200K, reserved 1081344K
  class space    used 4534K, committed 4672K, reserved 1048576K
}
Event: 7.607 GC heap after
{Heap after GC invocations=16 (full 0):
 garbage-first heap   total 99328K, used 46501K [0x0000000082800000, 0x0000000100000000)
  region size 1024K, 5 young (5120K), 5 survivors (5120K)
 Metaspace       used 34919K, committed 35200K, reserved 1081344K
  class space    used 4534K, committed 4672K, reserved 1048576K
}
Event: 7.834 GC heap before
{Heap before GC invocations=16 (full 0):
 garbage-first heap   total 99328K, used 73125K [0x0000000082800000, 0x0000000100000000)
  region size 1024K, 30 young (30720K), 5 survivors (5120K)
 Metaspace       used 34970K, committed 35264K, reserved 1081344K
  class space    used 4544K, committed 4672K, reserved 1048576K
}
Event: 7.863 GC heap after
{Heap after GC invocations=17 (full 0):
 garbage-first heap   total 99328K, used 61440K [0x0000000082800000, 0x0000000100000000)
  region size 1024K, 4 young (4096K), 4 survivors (4096K)
 Metaspace       used 34970K, committed 35264K, reserved 1081344K
  class space    used 4544K, committed 4672K, reserved 1048576K
}
Event: 7.887 GC heap before
{Heap before GC invocations=17 (full 0):
 garbage-first heap   total 99328K, used 73728K [0x0000000082800000, 0x0000000100000000)
  region size 1024K, 17 young (17408K), 4 survivors (4096K)
 Metaspace       used 34972K, committed 35264K, reserved 1081344K
  class space    used 4545K, committed 4672K, reserved 1048576K
}
Event: 7.893 GC heap after
{Heap after GC invocations=18 (full 0):
 garbage-first heap   total 99328K, used 63181K [0x0000000082800000, 0x0000000100000000)
  region size 1024K, 2 young (2048K), 2 survivors (2048K)
 Metaspace       used 34972K, committed 35264K, reserved 1081344K
  class space    used 4545K, committed 4672K, reserved 1048576K
}
Event: 7.909 GC heap before
{Heap before GC invocations=18 (full 0):
 garbage-first heap   total 99328K, used 75469K [0x0000000082800000, 0x0000000100000000)
  region size 1024K, 15 young (15360K), 2 survivors (2048K)
 Metaspace       used 34987K, committed 35264K, reserved 1081344K
  class space    used 4546K, committed 4672K, reserved 1048576K
}
Event: 7.911 GC heap after
{Heap after GC invocations=19 (full 0):
 garbage-first heap   total 99328K, used 63190K [0x0000000082800000, 0x0000000100000000)
  region size 1024K, 2 young (2048K), 2 survivors (2048K)
 Metaspace       used 34987K, committed 35264K, reserved 1081344K
  class space    used 4546K, committed 4672K, reserved 1048576K
}
Event: 7.921 GC heap before
{Heap before GC invocations=19 (full 0):
 garbage-first heap   total 99328K, used 76502K [0x0000000082800000, 0x0000000100000000)
  region size 1024K, 16 young (16384K), 2 survivors (2048K)
 Metaspace       used 35000K, committed 35264K, reserved 1081344K
  class space    used 4552K, committed 4672K, reserved 1048576K
}

