# JRE version: OpenJDK Runtime Environment Temurin-17.0.3+7 (17.0.3+7) (build 17.0.3+7)
# Java VM: OpenJDK 64-Bit Server VM Temurin-17.0.3+7 (17.0.3+7, mixed mode, emulated-client, tiered, compressed oops, compressed class ptrs, g1 gc, windows-amd64)
GC Precious Log:
 CPUs: 4 total, 4 available
 Memory: 8026M
 Large Page Support: Disabled
 NUMA Support: Disabled
 Compressed Oops: Enabled (32-bit)
 Heap Region Size: 1M
 Heap Min Capacity: 8M
 Heap Initial Capacity: 126M
 Heap Max Capacity: 2008M
 Pre-touch: Disabled
 Parallel Workers: 4
 Concurrent Workers: 1
 Concurrent Refinement Workers: 4
 Periodic GC: Disabled
Heap:
 garbage-first heap   total 129024K, used 48759K [0x0000000082800000, 0x0000000100000000)
  region size 1024K, 2 young (2048K), 2 survivors (2048K)
 Metaspace       used 34858K, committed 35136K, reserved 1081344K
  class space    used 4534K, committed 4672K, reserved 1048576K
GC Heap History (20 events):
Event: 11.708 GC heap after
{Heap after GC invocations=9 (full 0):
 garbage-first heap   total 55296K, used 18489K [0x0000000082800000, 0x0000000100000000)
  region size 1024K, 3 young (3072K), 3 survivors (3072K)
 Metaspace       used 32704K, committed 33024K, reserved 1081344K
  class space    used 4144K, committed 4288K, reserved 1048576K
}
Event: 11.916 GC heap before
{Heap before GC invocations=9 (full 0):
 garbage-first heap   total 55296K, used 37945K [0x0000000082800000, 0x0000000100000000)
  region size 1024K, 23 young (23552K), 3 survivors (3072K)
 Metaspace       used 33123K, committed 33408K, reserved 1081344K
  class space    used 4203K, committed 4352K, reserved 1048576K
}
Event: 11.924 GC heap after
{Heap after GC invocations=10 (full 0):
 garbage-first heap   total 55296K, used 22246K [0x0000000082800000, 0x0000000100000000)
  region size 1024K, 3 young (3072K), 3 survivors (3072K)
 Metaspace       used 33123K, committed 33408K, reserved 1081344K
  class space    used 4203K, committed 4352K, reserved 1048576K
}
Event: 12.129 GC heap before
{Heap before GC invocations=10 (full 0):
 garbage-first heap   total 55296K, used 37606K [0x0000000082800000, 0x0000000100000000)
  region size 1024K, 19 young (19456K), 3 survivors (3072K)
 Metaspace       used 33393K, committed 33728K, reserved 1081344K
  class space    used 4242K, committed 4416K, reserved 1048576K
}
Event: 12.135 GC heap after
{Heap after GC invocations=11 (full 0):
 garbage-first heap   total 55296K, used 25757K [0x0000000082800000, 0x0000000100000000)
  region size 1024K, 3 young (3072K), 3 survivors (3072K)
 Metaspace       used 33393K, committed 33728K, reserved 1081344K
  class space    used 4242K, committed 4416K, reserved 1048576K
}
Event: 12.302 GC heap before
{Heap before GC invocations=11 (full 0):
 garbage-first heap   total 55296K, used 40093K [0x0000000082800000, 0x0000000100000000)
  region size 1024K, 17 young (17408K), 3 survivors (3072K)
 Metaspace       used 33645K, committed 33920K, reserved 1081344K
  class space    used 4281K, committed 4416K, reserved 1048576K
}
Event: 12.309 GC heap after
{Heap after GC invocations=12 (full 0):
 garbage-first heap   total 55296K, used 28726K [0x0000000082800000, 0x0000000100000000)
  region size 1024K, 3 young (3072K), 3 survivors (3072K)
 Metaspace       used 33645K, committed 33920K, reserved 1081344K
  class space    used 4281K, committed 4416K, reserved 1048576K
}
Event: 12.364 GC heap before
{Heap before GC invocations=12 (full 0):
 garbage-first heap   total 55296K, used 39990K [0x0000000082800000, 0x0000000100000000)
  region size 1024K, 14 young (14336K), 3 survivors (3072K)
 Metaspace       used 33701K, committed 33984K, reserved 1081344K
  class space    used 4290K, committed 4416K, reserved 1048576K
}
Event: 12.371 GC heap after
{Heap after GC invocations=13 (full 0):
 garbage-first heap   total 69632K, used 30655K [0x0000000082800000, 0x0000000100000000)
  region size 1024K, 2 young (2048K), 2 survivors (2048K)
 Metaspace       used 33701K, committed 33984K, reserved 1081344K
  class space    used 4290K, committed 4416K, reserved 1048576K
}
Event: 12.536 GC heap before
{Heap before GC invocations=14 (full 0):
 garbage-first heap   total 69632K, used 50111K [0x0000000082800000, 0x0000000100000000)
  region size 1024K, 22 young (22528K), 2 survivors (2048K)
 Metaspace       used 34156K, committed 34432K, reserved 1081344K
  class space    used 4369K, committed 4480K, reserved 1048576K
}
Event: 12.543 GC heap after
{Heap after GC invocations=15 (full 0):
 garbage-first heap   total 69632K, used 34370K [0x0000000082800000, 0x0000000100000000)
  region size 1024K, 3 young (3072K), 3 survivors (3072K)
 Metaspace       used 34156K, committed 34432K, reserved 1081344K
  class space    used 4369K, committed 4480K, reserved 1048576K
}
Event: 12.614 GC heap before
{Heap before GC invocations=15 (full 0):
 garbage-first heap   total 69632K, used 51778K [0x0000000082800000, 0x0000000100000000)
  region size 1024K, 20 young (20480K), 3 survivors (3072K)
 Metaspace       used 34353K, committed 34688K, reserved 1081344K
  class space    used 4421K, committed 4544K, reserved 1048576K
}
Event: 12.624 GC heap after
{Heap after GC invocations=16 (full 0):
 garbage-first heap   total 69632K, used 37714K [0x0000000082800000, 0x0000000100000000)
  region size 1024K, 3 young (3072K), 3 survivors (3072K)
 Metaspace       used 34353K, committed 34688K, reserved 1081344K
  class space    used 4421K, committed 4544K, reserved 1048576K
}
Event: 12.705 GC heap before
{Heap before GC invocations=16 (full 0):
 garbage-first heap   total 69632K, used 53074K [0x0000000082800000, 0x0000000100000000)
  region size 1024K, 18 young (18432K), 3 survivors (3072K)
 Metaspace       used 34512K, committed 34816K, reserved 1081344K
  class space    used 4464K, committed 4608K, reserved 1048576K
}
Event: 12.716 GC heap after
{Heap after GC invocations=17 (full 0):
 garbage-first heap   total 69632K, used 42003K [0x0000000082800000, 0x0000000100000000)
  region size 1024K, 3 young (3072K), 3 survivors (3072K)
 Metaspace       used 34512K, committed 34816K, reserved 1081344K
  class space    used 4464K, committed 4608K, reserved 1048576K
}
Event: 12.903 GC heap before
{Heap before GC invocations=18 (full 0):
 garbage-first heap   total 78848K, used 53267K [0x0000000082800000, 0x0000000100000000)
  region size 1024K, 14 young (14336K), 3 survivors (3072K)
 Metaspace       used 34858K, committed 35136K, reserved 1081344K
  class space    used 4534K, committed 4672K, reserved 1048576K
}
Event: 12.912 GC heap after
{Heap after GC invocations=19 (full 0):
 garbage-first heap   total 78848K, used 46118K [0x0000000082800000, 0x0000000100000000)
  region size 1024K, 2 young (2048K), 2 survivors (2048K)
 Metaspace       used 34858K, committed 35136K, reserved 1081344K
  class space    used 4534K, committed 4672K, reserved 1048576K
}
Event: 12.973 GC heap before
{Heap before GC invocations=19 (full 0):
 garbage-first heap   total 78848K, used 47142K [0x0000000082800000, 0x0000000100000000)
  region size 1024K, 3 young (3072K), 2 survivors (2048K)
 Metaspace       used 34858K, committed 35136K, reserved 1081344K
  class space    used 4534K, committed 4672K, reserved 1048576K
}
Event: 12.976 GC heap after
{Heap after GC invocations=20 (full 0):
 garbage-first heap   total 78848K, used 46627K [0x0000000082800000, 0x0000000100000000)
  region size 1024K, 1 young (1024K), 1 survivors (1024K)
 Metaspace       used 34858K, committed 35136K, reserved 1081344K
  class space    used 4534K, committed 4672K, reserved 1048576K
}
Event: 13.257 GC heap before
{Heap before GC invocations=20 (full 0):
 garbage-first heap   total 78848K, used 53795K [0x0000000082800000, 0x0000000100000000)
  region size 1024K, 10 young (10240K), 1 survivors (1024K)
 Metaspace       used 34858K, committed 35136K, reserved 1081344K
  class space    used 4534K, committed 4672K, reserved 1048576K
}

