# JRE version: OpenJDK Runtime Environment Temurin-17.0.3+7 (17.0.3+7) (build 17.0.3+7)
# Java VM: OpenJDK 64-Bit Server VM Temurin-17.0.3+7 (17.0.3+7, mixed mode, emulated-client, tiered, compressed oops, compressed class ptrs, g1 gc, windows-amd64)
GC Precious Log:
 CPUs: 4 total, 4 available
 Memory: 8026M
 Large Page Support: Disabled
 NUMA Support: Disabled
 Compressed Oops: Enabled (32-bit)
 Heap Region Size: 1M
 Heap Min Capacity: 8M
 Heap Initial Capacity: 126M
 Heap Max Capacity: 2008M
 Pre-touch: Disabled
 Parallel Workers: 4
 Concurrent Workers: 1
 Concurrent Refinement Workers: 4
 Periodic GC: Disabled
Heap:
 garbage-first heap   total 241664K, used 82376K [0x0000000082800000, 0x0000000100000000)
  region size 1024K, 10 young (10240K), 10 survivors (10240K)
 Metaspace       used 35074K, committed 35392K, reserved 1081344K
  class space    used 4559K, committed 4736K, reserved 1048576K
GC Heap History (20 events):
Event: 15.593 GC heap after
{Heap after GC invocations=18 (full 0):
 garbage-first heap   total 120832K, used 37781K [0x0000000082800000, 0x0000000100000000)
  region size 1024K, 2 young (2048K), 2 survivors (2048K)
 Metaspace       used 34916K, committed 35200K, reserved 1081344K
  class space    used 4534K, committed 4672K, reserved 1048576K
}
Event: 17.038 GC heap before
{Heap before GC invocations=19 (full 0):
 garbage-first heap   total 120832K, used 85909K [0x0000000082800000, 0x0000000100000000)
  region size 1024K, 49 young (50176K), 2 survivors (2048K)
 Metaspace       used 34917K, committed 35200K, reserved 1081344K
  class space    used 4535K, committed 4672K, reserved 1048576K
}
Event: 17.062 GC heap after
{Heap after GC invocations=20 (full 0):
 garbage-first heap   total 120832K, used 55746K [0x0000000082800000, 0x0000000100000000)
  region size 1024K, 7 young (7168K), 7 survivors (7168K)
 Metaspace       used 34917K, committed 35200K, reserved 1081344K
  class space    used 4535K, committed 4672K, reserved 1048576K
}
Event: 17.379 GC heap before
{Heap before GC invocations=20 (full 0):
 garbage-first heap   total 120832K, used 83394K [0x0000000082800000, 0x0000000100000000)
  region size 1024K, 34 young (34816K), 7 survivors (7168K)
 Metaspace       used 34973K, committed 35328K, reserved 1081344K
  class space    used 4545K, committed 4736K, reserved 1048576K
}
Event: 17.404 GC heap after
{Heap after GC invocations=21 (full 0):
 garbage-first heap   total 120832K, used 63802K [0x0000000082800000, 0x0000000100000000)
  region size 1024K, 5 young (5120K), 5 survivors (5120K)
 Metaspace       used 34973K, committed 35328K, reserved 1081344K
  class space    used 4545K, committed 4736K, reserved 1048576K
}
Event: 17.434 GC heap before
{Heap before GC invocations=21 (full 0):
 garbage-first heap   total 120832K, used 87354K [0x0000000082800000, 0x0000000100000000)
  region size 1024K, 29 young (29696K), 5 survivors (5120K)
 Metaspace       used 34980K, committed 35328K, reserved 1081344K
  class space    used 4545K, committed 4736K, reserved 1048576K
}
Event: 17.446 GC heap after
{Heap after GC invocations=22 (full 0):
 garbage-first heap   total 120832K, used 65686K [0x0000000082800000, 0x0000000100000000)
  region size 1024K, 2 young (2048K), 2 survivors (2048K)
 Metaspace       used 34980K, committed 35328K, reserved 1081344K
  class space    used 4545K, committed 4736K, reserved 1048576K
}
Event: 17.471 GC heap before
{Heap before GC invocations=22 (full 0):
 garbage-first heap   total 120832K, used 90262K [0x0000000082800000, 0x0000000100000000)
  region size 1024K, 27 young (27648K), 2 survivors (2048K)
 Metaspace       used 34980K, committed 35328K, reserved 1081344K
  class space    used 4545K, committed 4736K, reserved 1048576K
}
Event: 17.473 GC heap after
{Heap after GC invocations=23 (full 0):
 garbage-first heap   total 120832K, used 66315K [0x0000000082800000, 0x0000000100000000)
  region size 1024K, 3 young (3072K), 3 survivors (3072K)
 Metaspace       used 34980K, committed 35328K, reserved 1081344K
  class space    used 4545K, committed 4736K, reserved 1048576K
}
Event: 17.576 GC heap before
{Heap before GC invocations=23 (full 0):
 garbage-first heap   total 120832K, used 91915K [0x0000000082800000, 0x0000000100000000)
  region size 1024K, 30 young (30720K), 3 survivors (3072K)
 Metaspace       used 35073K, committed 35392K, reserved 1081344K
  class space    used 4558K, committed 4736K, reserved 1048576K
}
Event: 17.581 GC heap after
{Heap after GC invocations=24 (full 0):
 garbage-first heap   total 241664K, used 67238K [0x0000000082800000, 0x0000000100000000)
  region size 1024K, 3 young (3072K), 3 survivors (3072K)
 Metaspace       used 35073K, committed 35392K, reserved 1081344K
  class space    used 4558K, committed 4736K, reserved 1048576K
}
Event: 17.694 GC heap before
{Heap before GC invocations=24 (full 0):
 garbage-first heap   total 241664K, used 140966K [0x0000000082800000, 0x0000000100000000)
  region size 1024K, 77 young (78848K), 3 survivors (3072K)
 Metaspace       used 35073K, committed 35392K, reserved 1081344K
  class space    used 4558K, committed 4736K, reserved 1048576K
}
Event: 17.700 GC heap after
{Heap after GC invocations=25 (full 0):
 garbage-first heap   total 241664K, used 69179K [0x0000000082800000, 0x0000000100000000)
  region size 1024K, 6 young (6144K), 6 survivors (6144K)
 Metaspace       used 35073K, committed 35392K, reserved 1081344K
  class space    used 4558K, committed 4736K, reserved 1048576K
}
Event: 17.779 GC heap before
{Heap before GC invocations=26 (full 0):
 garbage-first heap   total 241664K, used 176699K [0x0000000082800000, 0x0000000100000000)
  region size 1024K, 112 young (114688K), 6 survivors (6144K)
 Metaspace       used 35073K, committed 35392K, reserved 1081344K
  class space    used 4558K, committed 4736K, reserved 1048576K
}
Event: 17.787 GC heap after
{Heap after GC invocations=27 (full 0):
 garbage-first heap   total 241664K, used 73600K [0x0000000082800000, 0x0000000100000000)
  region size 1024K, 10 young (10240K), 10 survivors (10240K)
 Metaspace       used 35073K, committed 35392K, reserved 1081344K
  class space    used 4558K, committed 4736K, reserved 1048576K
}
Event: 17.787 GC heap before
{Heap before GC invocations=27 (full 0):
 garbage-first heap   total 241664K, used 73600K [0x0000000082800000, 0x0000000100000000)
  region size 1024K, 11 young (11264K), 10 survivors (10240K)
 Metaspace       used 35073K, committed 35392K, reserved 1081344K
  class space    used 4558K, committed 4736K, reserved 1048576K
}
Event: 17.795 GC heap after
{Heap after GC invocations=28 (full 0):
 garbage-first heap   total 241664K, used 74173K [0x0000000082800000, 0x0000000100000000)
  region size 1024K, 2 young (2048K), 2 survivors (2048K)
 Metaspace       used 35073K, committed 35392K, reserved 1081344K
  class space    used 4558K, committed 4736K, reserved 1048576K
}
Event: 17.889 GC heap before
{Heap before GC invocations=28 (full 0):
 garbage-first heap   total 241664K, used 182717K [0x0000000082800000, 0x0000000100000000)
  region size 1024K, 109 young (111616K), 2 survivors (2048K)
 Metaspace       used 35073K, committed 35392K, reserved 1081344K
  class space    used 4558K, committed 4736K, reserved 1048576K
}
Event: 17.893 GC heap after
{Heap after GC invocations=29 (full 0):
 garbage-first heap   total 241664K, used 78376K [0x0000000082800000, 0x0000000100000000)
  region size 1024K, 6 young (6144K), 6 survivors (6144K)
 Metaspace       used 35073K, committed 35392K, reserved 1081344K
  class space    used 4558K, committed 4736K, reserved 1048576K
}
Event: 18.069 GC heap before
{Heap before GC invocations=29 (full 0):
 garbage-first heap   total 241664K, used 186920K [0x0000000082800000, 0x0000000100000000)
  region size 1024K, 113 young (115712K), 6 survivors (6144K)
 Metaspace       used 35074K, committed 35392K, reserved 1081344K
  class space    used 4559K, committed 4736K, reserved 1048576K
}

